f:\crowdcontrolgenericplugin\crowdcontrol\x64\debug\vc143.pdb
f:\crowdcontrolgenericplugin\crowdcontrol\x64\debug\vc143.idb
f:\crowdcontrolgenericplugin\crowdcontrol\x64\debug\serverrequests.obj
f:\crowdcontrolgenericplugin\crowdcontrol\x64\debug\rpc.obj
f:\crowdcontrolgenericplugin\crowdcontrol\x64\debug\crowdcontrolrunner.obj
f:\crowdcontrolgenericplugin\crowdcontrol\x64\debug\createandlinkdllfile.obj
f:\crowdcontrolgenericplugin\crowdcontrol\x64\debug\cceffectbase.obj
f:\crowdcontrolgenericplugin\crowdcontrol\x64\debug\streamuser.obj
f:\crowdcontrolgenericplugin\crowdcontrol\x64\debug\streambuf.obj
f:\crowdcontrolgenericplugin\crowdcontrol\x64\debug\cceffecttimedtest.obj
f:\crowdcontrolgenericplugin\crowdcontrol\x64\debug\cceffecttimed.obj
f:\crowdcontrolgenericplugin\crowdcontrol\x64\debug\cceffecttest.obj
f:\crowdcontrolgenericplugin\crowdcontrol\x64\debug\cceffectparameterstest.obj
f:\crowdcontrolgenericplugin\crowdcontrol\x64\debug\cceffectparameters.obj
f:\crowdcontrolgenericplugin\crowdcontrol\x64\debug\cceffectinstancetimed.obj
f:\crowdcontrolgenericplugin\crowdcontrol\x64\debug\cceffectinstanceparameters.obj
f:\crowdcontrolgenericplugin\crowdcontrol\x64\debug\cceffectinstance.obj
f:\crowdcontrolgenericplugin\crowdcontrol\x64\debug\cceffect.obj
f:\crowdcontrolgenericplugin\x64\debug\libssl-3-x64.dll
f:\crowdcontrolgenericplugin\x64\debug\libcrypto-3-x64.dll
f:\crowdcontrolgenericplugin\x64\debug\cpprest_2_10d.dll
f:\crowdcontrolgenericplugin\x64\debug\crowdcontrol.dll
f:\crowdcontrolgenericplugin\x64\debug\crowdcontrol.pdb
f:\crowdcontrolgenericplugin\x64\debug\crowdcontrol.lib
f:\crowdcontrolgenericplugin\x64\debug\crowdcontrol.exp
f:\crowdcontrolgenericplugin\crowdcontrol\x64\debug\crowdcontrol.ilk
f:\crowdcontrolgenericplugin\crowdcontrol\x64\debug\crowdcontrol.tlog\cl.command.1.tlog
f:\crowdcontrolgenericplugin\crowdcontrol\x64\debug\crowdcontrol.tlog\cl.items.tlog
f:\crowdcontrolgenericplugin\crowdcontrol\x64\debug\crowdcontrol.tlog\cl.read.1.tlog
f:\crowdcontrolgenericplugin\crowdcontrol\x64\debug\crowdcontrol.tlog\cl.write.1.tlog
f:\crowdcontrolgenericplugin\crowdcontrol\x64\debug\crowdcontrol.tlog\crowdcontrol.write.1u.tlog
f:\crowdcontrolgenericplugin\crowdcontrol\x64\debug\crowdcontrol.tlog\link.command.1.tlog
f:\crowdcontrolgenericplugin\crowdcontrol\x64\debug\crowdcontrol.tlog\link.read.1.tlog
f:\crowdcontrolgenericplugin\crowdcontrol\x64\debug\crowdcontrol.tlog\link.secondary.1.tlog
f:\crowdcontrolgenericplugin\crowdcontrol\x64\debug\crowdcontrol.tlog\link.write.1.tlog
