f:\crowdcontrolgenericplugin\crowdcontrol\x64\release\vc143.pdb
f:\crowdcontrolgenericplugin\crowdcontrol\x64\release\streamuser.obj
f:\crowdcontrolgenericplugin\crowdcontrol\x64\release\streambuf.obj
f:\crowdcontrolgenericplugin\crowdcontrol\x64\release\serverrequests.obj
f:\crowdcontrolgenericplugin\crowdcontrol\x64\release\rpc.obj
f:\crowdcontrolgenericplugin\crowdcontrol\x64\release\crowdcontrolrunner.obj
f:\crowdcontrolgenericplugin\crowdcontrol\x64\release\createandlinkdllfile.obj
f:\crowdcontrolgenericplugin\crowdcontrol\x64\release\cceffecttimedtest.obj
f:\crowdcontrolgenericplugin\crowdcontrol\x64\release\cceffecttimed.obj
f:\crowdcontrolgenericplugin\crowdcontrol\x64\release\cceffecttest.obj
f:\crowdcontrolgenericplugin\crowdcontrol\x64\release\cceffectparameterstest.obj
f:\crowdcontrolgenericplugin\crowdcontrol\x64\release\cceffectparameters.obj
f:\crowdcontrolgenericplugin\crowdcontrol\x64\release\cceffectinstancetimed.obj
f:\crowdcontrolgenericplugin\crowdcontrol\x64\release\cceffectinstanceparameters.obj
f:\crowdcontrolgenericplugin\crowdcontrol\x64\release\cceffectinstance.obj
f:\crowdcontrolgenericplugin\crowdcontrol\x64\release\cceffectbase.obj
f:\crowdcontrolgenericplugin\crowdcontrol\x64\release\cceffect.obj
f:\crowdcontrolgenericplugin\x64\release\libcrypto-3-x64.dll
f:\crowdcontrolgenericplugin\x64\release\libssl-3-x64.dll
f:\crowdcontrolgenericplugin\x64\release\crowdcontrol.dll
f:\crowdcontrolgenericplugin\x64\release\crowdcontrol.pdb
f:\crowdcontrolgenericplugin\x64\release\crowdcontrol.lib
f:\crowdcontrolgenericplugin\x64\release\crowdcontrol.exp
f:\crowdcontrolgenericplugin\crowdcontrol\x64\release\crowdcontrol.ipdb
f:\crowdcontrolgenericplugin\crowdcontrol\x64\release\crowdcontrol.iobj
f:\crowdcontrolgenericplugin\crowdcontrol\x64\release\crowdcontrol.tlog\cl.command.1.tlog
f:\crowdcontrolgenericplugin\crowdcontrol\x64\release\crowdcontrol.tlog\cl.items.tlog
f:\crowdcontrolgenericplugin\crowdcontrol\x64\release\crowdcontrol.tlog\cl.read.1.tlog
f:\crowdcontrolgenericplugin\crowdcontrol\x64\release\crowdcontrol.tlog\cl.write.1.tlog
f:\crowdcontrolgenericplugin\crowdcontrol\x64\release\crowdcontrol.tlog\crowdcontrol.write.1u.tlog
f:\crowdcontrolgenericplugin\crowdcontrol\x64\release\crowdcontrol.tlog\link.command.1.tlog
f:\crowdcontrolgenericplugin\crowdcontrol\x64\release\crowdcontrol.tlog\link.read.1.tlog
f:\crowdcontrolgenericplugin\crowdcontrol\x64\release\crowdcontrol.tlog\link.secondary.1.tlog
f:\crowdcontrolgenericplugin\crowdcontrol\x64\release\crowdcontrol.tlog\link.write.1.tlog
